Log file open, 02/15/17 06:57:01
LogInit:Display: Running engine for game: FOBISEA
LogPlatformFile: Not using cached read wrapper
LogInit:Display: RandInit(717443487) SRandInit(717443487).
LogTaskGraph: Started task graph with 5 named threads and 8 total threads with 1 sets of task threads.
LogStats: Stats thread started at 0.075468
LogPluginManager: Loaded Plugin Paper2D, From C:/Program Files/Epic Games/UE_4.14/Engine/Plugins/2D/Paper2D/Paper2D.uplugin
LogPluginManager: Loaded Plugin LightPropagationVolume, From C:/Program Files/Epic Games/UE_4.14/Engine/Plugins/Blendables/LightPropagationVolume/LightPropagationVolume.uplugin
LogPluginManager: Loaded Plugin BlankPlugin, From C:/Program Files/Epic Games/UE_4.14/Engine/Plugins/Developer/BlankPlugin/BlankPlugin.uplugin
LogPluginManager: Loaded Plugin CodeLiteSourceCodeAccess, From C:/Program Files/Epic Games/UE_4.14/Engine/Plugins/Developer/CodeLiteSourceCodeAccess/CodeLiteSourceCodeAccess.uplugin
LogPluginManager: Loaded Plugin GitSourceControl, From C:/Program Files/Epic Games/UE_4.14/Engine/Plugins/Developer/GitSourceControl/GitSourceControl.uplugin
LogPluginManager: Loaded Plugin KDevelopSourceCodeAccess, From C:/Program Files/Epic Games/UE_4.14/Engine/Plugins/Developer/KDevelopSourceCodeAccess/KDevelopSourceCodeAccess.uplugin
LogPluginManager: Loaded Plugin NullSourceCodeAccess, From C:/Program Files/Epic Games/UE_4.14/Engine/Plugins/Developer/NullSourceCodeAccess/NullSourceCodeAccess.uplugin
LogPluginManager: Loaded Plugin OneSkyLocalizationService, From C:/Program Files/Epic Games/UE_4.14/Engine/Plugins/Developer/OneSkyLocalizationService/OneSkyLocalizationService.uplugin
LogPluginManager: Loaded Plugin PerforceSourceControl, From C:/Program Files/Epic Games/UE_4.14/Engine/Plugins/Developer/PerforceSourceControl/PerforceSourceControl.uplugin
LogPluginManager: Loaded Plugin SubversionSourceControl, From C:/Program Files/Epic Games/UE_4.14/Engine/Plugins/Developer/SubversionSourceControl/SubversionSourceControl.uplugin
LogPluginManager: Loaded Plugin UObjectPlugin, From C:/Program Files/Epic Games/UE_4.14/Engine/Plugins/Developer/UObjectPlugin/UObjectPlugin.uplugin
LogPluginManager: Loaded Plugin VisualStudioSourceCodeAccess, From C:/Program Files/Epic Games/UE_4.14/Engine/Plugins/Developer/VisualStudioSourceCodeAccess/VisualStudioSourceCodeAccess.uplugin
LogPluginManager: Loaded Plugin XCodeSourceCodeAccess, From C:/Program Files/Epic Games/UE_4.14/Engine/Plugins/Developer/XCodeSourceCodeAccess/XCodeSourceCodeAccess.uplugin
LogPluginManager: Loaded Plugin AudioCapture, From C:/Program Files/Epic Games/UE_4.14/Engine/Plugins/Editor/AudioCapture/AudioCapture.uplugin
LogPluginManager: Loaded Plugin EpicSurvey, From C:/Program Files/Epic Games/UE_4.14/Engine/Plugins/Editor/EpicSurvey/EpicSurvey.uplugin
LogPluginManager: Loaded Plugin MacGraphicsSwitching, From C:/Program Files/Epic Games/UE_4.14/Engine/Plugins/Editor/MacGraphicsSwitching/MacGraphicsSwitching.uplugin
LogPluginManager: Loaded Plugin MobileLauncherProfileWizard, From C:/Program Files/Epic Games/UE_4.14/Engine/Plugins/Editor/MobileLauncherProfileWizard/MobileLauncherProfileWizard.uplugin
LogPluginManager: Loaded Plugin PluginBrowser, From C:/Program Files/Epic Games/UE_4.14/Engine/Plugins/Editor/PluginBrowser/PluginBrowser.uplugin
LogPluginManager: Loaded Plugin SpeedTreeImporter, From C:/Program Files/Epic Games/UE_4.14/Engine/Plugins/Editor/SpeedTreeImporter/SpeedTreeImporter.uplugin
LogPluginManager: Loaded Plugin SuperSearchEditor, From C:/Program Files/Epic Games/UE_4.14/Engine/Plugins/Editor/SuperSearchEditor/SuperSearchEditor.uplugin
LogPluginManager: Loaded Plugin AlembicImporter, From C:/Program Files/Epic Games/UE_4.14/Engine/Plugins/Experimental/AlembicImporter/AlembicImporter.uplugin
LogPluginManager: Loaded Plugin BlueprintStats, From C:/Program Files/Epic Games/UE_4.14/Engine/Plugins/Experimental/BlueprintStats/BlueprintStats.uplugin
LogPluginManager: Loaded Plugin CharacterAI, From C:/Program Files/Epic Games/UE_4.14/Engine/Plugins/Experimental/CharacterAI/CharacterAI.uplugin
LogPluginManager: Loaded Plugin CodeEditor, From C:/Program Files/Epic Games/UE_4.14/Engine/Plugins/Experimental/CodeEditor/CodeEditor.uplugin
LogPluginManager: Loaded Plugin CodeView, From C:/Program Files/Epic Games/UE_4.14/Engine/Plugins/Experimental/CodeView/CodeView.uplugin
LogPluginManager: Loaded Plugin HTML5Networking, From C:/Program Files/Epic Games/UE_4.14/Engine/Plugins/Experimental/HTML5Networking/HTML5Networking.uplugin
LogPluginManager: Loaded Plugin OSVR, From C:/Program Files/Epic Games/UE_4.14/Engine/Plugins/Experimental/OSVR/OSVR.uplugin
LogPluginManager: Loaded Plugin Phya, From C:/Program Files/Epic Games/UE_4.14/Engine/Plugins/Experimental/Phya/Phya.uplugin
LogPluginManager: Loaded Plugin SignificanceManager, From C:/Program Files/Epic Games/UE_4.14/Engine/Plugins/Experimental/SignificanceManager/SignificanceManager.uplugin
LogPluginManager: Loaded Plugin SimpleHMD, From C:/Program Files/Epic Games/UE_4.14/Engine/Plugins/Experimental/SimpleHMD/SimpleHMD.uplugin
LogPluginManager: Loaded Plugin StereoPanorama, From C:/Program Files/Epic Games/UE_4.14/Engine/Plugins/Experimental/StereoPanorama/StereoPanorama.uplugin
LogPluginManager: Loaded Plugin StructBox, From C:/Program Files/Epic Games/UE_4.14/Engine/Plugins/Experimental/StructBox/StructBox.uplugin
LogPluginManager: Loaded Plugin AndroidMedia, From C:/Program Files/Epic Games/UE_4.14/Engine/Plugins/Media/AndroidMedia/AndroidMedia.uplugin
LogPluginManager: Loaded Plugin AvfMedia, From C:/Program Files/Epic Games/UE_4.14/Engine/Plugins/Media/AvfMedia/AvfMedia.uplugin
LogPluginManager: Loaded Plugin MediaPlayerEditor, From C:/Program Files/Epic Games/UE_4.14/Engine/Plugins/Media/MediaPlayerEditor/MediaPlayerEditor.uplugin
LogPluginManager: Loaded Plugin WmfMedia, From C:/Program Files/Epic Games/UE_4.14/Engine/Plugins/Media/WmfMedia/WmfMedia.uplugin
LogPluginManager: Loaded Plugin MessagingDebugger, From C:/Program Files/Epic Games/UE_4.14/Engine/Plugins/Messaging/MessagingDebugger/MessagingDebugger.uplugin
LogPluginManager: Loaded Plugin TcpMessaging, From C:/Program Files/Epic Games/UE_4.14/Engine/Plugins/Messaging/TcpMessaging/TcpMessaging.uplugin
LogPluginManager: Loaded Plugin UdpMessaging, From C:/Program Files/Epic Games/UE_4.14/Engine/Plugins/Messaging/UdpMessaging/UdpMessaging.uplugin
LogPluginManager: Loaded Plugin LevelSequenceEditor, From C:/Program Files/Epic Games/UE_4.14/Engine/Plugins/MovieScene/LevelSequenceEditor/LevelSequenceEditor.uplugin
LogPluginManager: Loaded Plugin MatineeToLevelSequence, From C:/Program Files/Epic Games/UE_4.14/Engine/Plugins/MovieScene/MatineeToLevelSequence/MatineeToLevelSequence.uplugin
LogPluginManager: Loaded Plugin NetcodeUnitTest, From C:/Program Files/Epic Games/UE_4.14/Engine/Plugins/NetcodeUnitTest/NetcodeUnitTest/NetcodeUnitTest.uplugin
LogPluginManager: Loaded Plugin NUTUnrealEngine4, From C:/Program Files/Epic Games/UE_4.14/Engine/Plugins/NetcodeUnitTest/NUTUnrealEngine4/NUTUnrealEngine4.uplugin
LogPluginManager: Loaded Plugin OnlineSubsystemGameCircle, From C:/Program Files/Epic Games/UE_4.14/Engine/Plugins/Online/Android/OnlineSubsystemGameCircle/OnlineSubsystemGameCircle.uplugin
LogPluginManager: Loaded Plugin OnlineSubsystemGooglePlay, From C:/Program Files/Epic Games/UE_4.14/Engine/Plugins/Online/Android/OnlineSubsystemGooglePlay/OnlineSubsystemGooglePlay.uplugin
LogPluginManager: Loaded Plugin OnlineSubsystemIOS, From C:/Program Files/Epic Games/UE_4.14/Engine/Plugins/Online/IOS/OnlineSubsystemIOS/OnlineSubsystemIOS.uplugin
LogPluginManager: Loaded Plugin OnlineFramework, From C:/Program Files/Epic Games/UE_4.14/Engine/Plugins/Online/OnlineFramework/OnlineFramework.uplugin
LogPluginManager: Loaded Plugin OnlineSubsystem, From C:/Program Files/Epic Games/UE_4.14/Engine/Plugins/Online/OnlineSubsystem/OnlineSubsystem.uplugin
LogPluginManager: Loaded Plugin OnlineSubsystemAmazon, From C:/Program Files/Epic Games/UE_4.14/Engine/Plugins/Online/OnlineSubsystemAmazon/OnlineSubsystemAmazon.uplugin
LogPluginManager: Loaded Plugin OnlineSubsystemFacebook, From C:/Program Files/Epic Games/UE_4.14/Engine/Plugins/Online/OnlineSubsystemFacebook/OnlineSubsystemFacebook.uplugin
LogPluginManager: Loaded Plugin OnlineSubsystemNull, From C:/Program Files/Epic Games/UE_4.14/Engine/Plugins/Online/OnlineSubsystemNull/OnlineSubsystemNull.uplugin
LogPluginManager: Loaded Plugin OnlineSubsystemOculus, From C:/Program Files/Epic Games/UE_4.14/Engine/Plugins/Online/OnlineSubsystemOculus/OnlineSubsystemOculus.uplugin
LogPluginManager: Loaded Plugin OnlineSubsystemSteam, From C:/Program Files/Epic Games/UE_4.14/Engine/Plugins/Online/OnlineSubsystemSteam/OnlineSubsystemSteam.uplugin
LogPluginManager: Loaded Plugin OnlineSubsystemUtils, From C:/Program Files/Epic Games/UE_4.14/Engine/Plugins/Online/OnlineSubsystemUtils/OnlineSubsystemUtils.uplugin
LogPluginManager: Loaded Plugin IOSTapJoy, From C:/Program Files/Epic Games/UE_4.14/Engine/Plugins/Runtime/Advertising/IOSTapJoy/IOSTapJoy.uplugin
LogPluginManager: Loaded Plugin AnalyticsBlueprintLibrary, From C:/Program Files/Epic Games/UE_4.14/Engine/Plugins/Runtime/Analytics/AnalyticsBlueprintLibrary/AnalyticsBlueprintLibrary.uplugin
LogPluginManager: Loaded Plugin AnalyticsMulticast, From C:/Program Files/Epic Games/UE_4.14/Engine/Plugins/Runtime/Analytics/AnalyticsMulticast/AnalyticsMulticast.uplugin
LogPluginManager: Loaded Plugin Apsalar, From C:/Program Files/Epic Games/UE_4.14/Engine/Plugins/Runtime/Analytics/Apsalar/Apsalar.uplugin
LogPluginManager: Loaded Plugin FileLogging, From C:/Program Files/Epic Games/UE_4.14/Engine/Plugins/Runtime/Analytics/FileLogging/FileLogging.uplugin
LogPluginManager: Loaded Plugin Flurry, From C:/Program Files/Epic Games/UE_4.14/Engine/Plugins/Runtime/Analytics/Flurry/Flurry.uplugin
LogPluginManager: Loaded Plugin AndroidDeviceProfileSelector, From C:/Program Files/Epic Games/UE_4.14/Engine/Plugins/Runtime/AndroidDeviceProfileSelector/AndroidDeviceProfileSelector.uplugin
LogPluginManager: Loaded Plugin AndroidMoviePlayer, From C:/Program Files/Epic Games/UE_4.14/Engine/Plugins/Runtime/AndroidMoviePlayer/AndroidMoviePlayer.uplugin
LogPluginManager: Loaded Plugin AppleMoviePlayer, From C:/Program Files/Epic Games/UE_4.14/Engine/Plugins/Runtime/AppleMoviePlayer/AppleMoviePlayer.uplugin
LogPluginManager: Loaded Plugin ArchVisCharacter, From C:/Program Files/Epic Games/UE_4.14/Engine/Plugins/Runtime/ArchVisCharacter/ArchVisCharacter.uplugin
LogPluginManager: Loaded Plugin CableComponent, From C:/Program Files/Epic Games/UE_4.14/Engine/Plugins/Runtime/CableComponent/CableComponent.uplugin
LogPluginManager: Loaded Plugin CustomMeshComponent, From C:/Program Files/Epic Games/UE_4.14/Engine/Plugins/Runtime/CustomMeshComponent/CustomMeshComponent.uplugin
LogPluginManager: Loaded Plugin ExampleDeviceProfileSelector, From C:/Program Files/Epic Games/UE_4.14/Engine/Plugins/Runtime/ExampleDeviceProfileSelector/ExampleDeviceProfileSelector.uplugin
LogPluginManager: Loaded Plugin GearVR, From C:/Program Files/Epic Games/UE_4.14/Engine/Plugins/Runtime/GearVR/GearVR.uplugin
LogPluginManager: Loaded Plugin GoogleVRController, From C:/Program Files/Epic Games/UE_4.14/Engine/Plugins/Runtime/GoogleVR/GoogleVRController/GoogleVRController.uplugin
LogPluginManager: Loaded Plugin GoogleVRHMD, From C:/Program Files/Epic Games/UE_4.14/Engine/Plugins/Runtime/GoogleVR/GoogleVRHMD/GoogleVRHMD.uplugin
LogPluginManager: Loaded Plugin IOSDeviceProfileSelector, From C:/Program Files/Epic Games/UE_4.14/Engine/Plugins/Runtime/IOSDeviceProfileSelector/IOSDeviceProfileSelector.uplugin
LogPluginManager: Loaded Plugin LeapMotion, From C:/Program Files/Epic Games/UE_4.14/Engine/Plugins/Runtime/LeapMotion/LeapMotion.uplugin
LogPluginManager: Loaded Plugin LinuxDeviceProfileSelector, From C:/Program Files/Epic Games/UE_4.14/Engine/Plugins/Runtime/LinuxDeviceProfileSelector/LinuxDeviceProfileSelector.uplugin
LogPluginManager: Loaded Plugin MIDIDevice, From C:/Program Files/Epic Games/UE_4.14/Engine/Plugins/Runtime/MIDIDevice/MIDIDevice.uplugin
LogPluginManager: Loaded Plugin MobilePatchingUtils, From C:/Program Files/Epic Games/UE_4.14/Engine/Plugins/Runtime/MobilePatchingUtils/MobilePatchingUtils.uplugin
LogPluginManager: Loaded Plugin Ansel, From C:/Program Files/Epic Games/UE_4.14/Engine/Plugins/Runtime/Nvidia/Ansel/Ansel.uplugin
LogPluginManager: Loaded Plugin OculusAudio, From C:/Program Files/Epic Games/UE_4.14/Engine/Plugins/Runtime/OculusAudio/OculusAudio.uplugin
LogPluginManager: Loaded Plugin OculusInput, From C:/Program Files/Epic Games/UE_4.14/Engine/Plugins/Runtime/OculusInput/OculusInput.uplugin
LogPluginManager: Loaded Plugin OculusLibrary, From C:/Program Files/Epic Games/UE_4.14/Engine/Plugins/Runtime/OculusLibrary/OculusLibrary.uplugin
LogPluginManager: Loaded Plugin OculusRift, From C:/Program Files/Epic Games/UE_4.14/Engine/Plugins/Runtime/OculusRift/OculusRift.uplugin
LogPluginManager: Loaded Plugin Oodle, From C:/Program Files/Epic Games/UE_4.14/Engine/Plugins/Runtime/PacketHandlers/CompressionComponents/Oodle/Oodle.uplugin
LogPluginManager: Loaded Plugin ProceduralMeshComponent, From C:/Program Files/Epic Games/UE_4.14/Engine/Plugins/Runtime/ProceduralMeshComponent/ProceduralMeshComponent.uplugin
LogPluginManager: Loaded Plugin SoundMod, From C:/Program Files/Epic Games/UE_4.14/Engine/Plugins/Runtime/SoundMod/SoundMod.uplugin
LogPluginManager: Loaded Plugin SoundVisualizations, From C:/Program Files/Epic Games/UE_4.14/Engine/Plugins/Runtime/SoundVisualizations/SoundVisualizations.uplugin
LogPluginManager: Loaded Plugin SteamController, From C:/Program Files/Epic Games/UE_4.14/Engine/Plugins/Runtime/Steam/SteamController/SteamController.uplugin
LogPluginManager: Loaded Plugin SteamVR, From C:/Program Files/Epic Games/UE_4.14/Engine/Plugins/Runtime/Steam/SteamVR/SteamVR.uplugin
LogPluginManager: Loaded Plugin WebBrowserWidget, From C:/Program Files/Epic Games/UE_4.14/Engine/Plugins/Runtime/WebBrowserWidget/WebBrowserWidget.uplugin
LogPluginManager: Loaded Plugin WindowsDeviceProfileSelector, From C:/Program Files/Epic Games/UE_4.14/Engine/Plugins/Runtime/WindowsDeviceProfileSelector/WindowsDeviceProfileSelector.uplugin
LogPluginManager: Loaded Plugin WindowsMoviePlayer, From C:/Program Files/Epic Games/UE_4.14/Engine/Plugins/Runtime/WindowsMoviePlayer/WindowsMoviePlayer.uplugin
LogPluginManager: Loaded Plugin ScriptPlugin, From C:/Program Files/Epic Games/UE_4.14/Engine/Plugins/ScriptPlugin/ScriptPlugin.uplugin
LogPluginManager: Loaded Plugin SlateRemote, From C:/Program Files/Epic Games/UE_4.14/Engine/Plugins/Slate/SlateRemote/SlateRemote.uplugin
LogPluginManager: Loaded Plugin EditorTests, From C:/Program Files/Epic Games/UE_4.14/Engine/Plugins/Tests/EditorTests/EditorTests.uplugin
LogPluginManager: Loaded Plugin FbxAutomationTestBuilder, From C:/Program Files/Epic Games/UE_4.14/Engine/Plugins/Tests/FbxAutomationTestBuilder/FbxAutomationTestBuilder.uplugin
LogPluginManager: Loaded Plugin FunctionalTestingEditor, From C:/Program Files/Epic Games/UE_4.14/Engine/Plugins/Tests/FunctionalTestingEditor/FunctionalTestingEditor.uplugin
LogPluginManager: Loaded Plugin RuntimeTests, From C:/Program Files/Epic Games/UE_4.14/Engine/Plugins/Tests/RuntimeTests/RuntimeTests.uplugin
LogPluginManager: Loaded Plugin ScreenshotTools, From C:/Program Files/Epic Games/UE_4.14/Engine/Plugins/Tests/ScreenshotTools/ScreenshotTools.uplugin
LogInit: Using libcurl 7.47.1
LogInit:  - built for x86_64-pc-win32
LogInit:  - supports SSL with OpenSSL/1.0.2g
LogInit:  - supports HTTP deflate (compression) using libz 1.2.8
LogInit:  - other features:
LogInit:      CURL_VERSION_SSL
LogInit:      CURL_VERSION_LIBZ
LogInit:      CURL_VERSION_IPV6
LogInit:      CURL_VERSION_ASYNCHDNS
LogInit:      CURL_VERSION_LARGEFILE
LogInit:      CURL_VERSION_IDN
LogInit:  CurlRequestOptions (configurable via config and command line):
LogInit:  - bVerifyPeer = false  - Libcurl will NOT verify peer certificate
LogInit:  - bUseHttpProxy = false  - Libcurl will NOT use HTTP proxy
LogInit:  - bDontReuseConnections = false  - Libcurl will reuse connections
LogInit:  - CertBundlePath = nullptr  - Libcurl will use whatever was configured at build time.
LogInit: Build: ++UE4+Release-4.14-CL-3249277
LogInit: Engine Version: 4.14.3-3249277+++UE4+Release-4.14
LogInit: Compatible Engine Version: 4.14.0-3195953+++UE4+Release-4.14
LogInit: Net CL: 3195953
LogDevObjectVersion: Number of dev versions registered: 13
LogDevObjectVersion:   Dev-Blueprints (B0D832E4-1F89-4F0D-ACCF-7EB736FD4AA2): 7
LogDevObjectVersion:   Dev-Build (E1C64328-A22C-4D53-A36C-8E866417BD8C): 0
LogDevObjectVersion:   Dev-Core (375EC13C-06E4-48FB-B500-84F0262A717E): 1
LogDevObjectVersion:   Dev-Editor (E4B068ED-F494-42E9-A231-DA0B2E46BB41): 8
LogDevObjectVersion:   Dev-Framework (CFFC743F-43B0-4480-9391-14DF171D2073): 17
LogDevObjectVersion:   Dev-Mobile (B02B49B5-BB20-44E9-A304-32B752E40360): 0
LogDevObjectVersion:   Dev-Networking (A4E4105C-59A1-49B5-A7C5-40C4547EDFEE): 0
LogDevObjectVersion:   Dev-Online (39C831C9-5AE6-47DC-9A44-9C173E1C8E7C): 0
LogDevObjectVersion:   Dev-Physics (78F01B33-EBEA-4F98-B9B4-84EACCB95AA2): 0
LogDevObjectVersion:   Dev-Platform (6631380F-2D4D-43E0-8009-CF276956A95A): 0
LogDevObjectVersion:   Dev-Rendering (12F88B9F-8875-4AFC-A67C-D90C383ABD29): 12
LogDevObjectVersion:   Dev-Sequencer (7B5AE74C-D270-4C10-A958-57980B212A5A): 1
LogDevObjectVersion:   Dev-VR (D7296918-1DD6-4BDD-9DE2-64A83CC13884): 0
LogInit: Compiled (64-bit): Jan  6 2017 10:49:43
LogInit: Compiled with Visual C++: 19.00.23026.00
LogInit: Build Configuration: Development
LogInit: Branch Name: ++UE4+Release-4.14
LogInit: Command line:  
LogInit: Base directory: C:/Program Files/Epic Games/UE_4.14/Engine/Binaries/Win64/
LogInit: Installed Engine Build: 1
LogInit: Presizing for max 8388607 objects, including 0 objects not considered by GC, pre-allocating 0 bytes for permanent pool.
LogInit: Object subsystem initialized
[2017.02.15-14.57.01:547][  0]LogInit: Selected Device Profile: [Windows]
[2017.02.15-14.57.01:547][  0]LogInit: Applying CVar settings loaded from the selected device profile: [Windows]
[2017.02.15-14.57.01:558][  0]LogInit: Computer: DESKTOP-23JBB1O
[2017.02.15-14.57.01:558][  0]LogInit: User: NirvikBaruah
[2017.02.15-14.57.01:558][  0]LogInit: CPU Page size=65536, Cores=4
[2017.02.15-14.57.01:558][  0]LogInit: High frequency timer resolution =3.621139 MHz
[2017.02.15-14.57.01:558][  0]LogMemory: Memory total: Physical=7.9GB (8GB approx)
[2017.02.15-14.57.01:558][  0]LogMemory: Platform Memory Stats for Windows
[2017.02.15-14.57.01:558][  0]LogMemory: Process Physical Memory: 263.65 MB used, 263.65 MB peak
[2017.02.15-14.57.01:558][  0]LogMemory: Process Virtual Memory: 262.67 MB used, 262.67 MB peak
[2017.02.15-14.57.01:558][  0]LogMemory: Physical Memory: 4858.57 MB used,  3274.54 MB free, 8133.12 MB total
[2017.02.15-14.57.01:558][  0]LogMemory: Virtual Memory: 676.13 MB used,  3274.54 MB free, 134217728.00 MB total
[2017.02.15-14.57.01:578][  0]LogTextLocalizationManager: No specific translations for ('en-US') exist, so ('en') translations will be used.
[2017.02.15-14.57.02:155][  0]LogD3D11RHI: D3D11 adapters:
[2017.02.15-14.57.02:184][  0]LogD3D11RHI:    0. 'NVIDIA GeForce GTX 570' (Feature Level 11_0)
[2017.02.15-14.57.02:184][  0]LogD3D11RHI:       1227/0/2816 MB DedicatedVideo/DedicatedSystem/SharedSystem, Outputs:1, VendorId:0x10de
[2017.02.15-14.57.02:185][  0]LogD3D11RHI:    1. 'Microsoft Basic Render Driver' (Feature Level 11_0)
[2017.02.15-14.57.02:185][  0]LogD3D11RHI:       0/0/4066 MB DedicatedVideo/DedicatedSystem/SharedSystem, Outputs:0, VendorId:0x1414
[2017.02.15-14.57.02:185][  0]LogD3D11RHI: Chosen D3D11 Adapter: 0
[2017.02.15-14.57.02:188][  0]LogD3D11RHI: Creating new Direct3DDevice
[2017.02.15-14.57.02:188][  0]LogD3D11RHI:     GPU DeviceId: 0x1086 (for the marketing name, search the web for "GPU Device Id")
[2017.02.15-14.57.02:188][  0]LogWindows: EnumDisplayDevices:
[2017.02.15-14.57.02:188][  0]LogWindows:    0. 'NVIDIA GeForce GTX 570' (P:1 D:1)
[2017.02.15-14.57.02:188][  0]LogWindows:    1. 'NVIDIA GeForce GTX 570' (P:0 D:0)
[2017.02.15-14.57.02:189][  0]LogWindows: DebugString: FoundDriverCount:2 
[2017.02.15-14.57.02:189][  0]LogD3D11RHI:     Adapter Name: NVIDIA GeForce GTX 570
[2017.02.15-14.57.02:189][  0]LogD3D11RHI:   Driver Version: 376.53 (internal:21.21.13.7653, unified:376.53)
[2017.02.15-14.57.02:189][  0]LogD3D11RHI:      Driver Date: 12-29-2016
[2017.02.15-14.57.02:189][  0]LogRHI: Texture pool is 859 MB (70% of 1227 MB)
[2017.02.15-14.57.02:198][  0]LogD3D11RHI:Warning: Timestamp queries are currently disabled on this hardware due to instability. Realtime GPU stats will not be available. You can override this behaviour by setting r.NVIDIATimestampWorkaround to 0
[2017.02.15-14.57.02:198][  0]LogD3D11RHI: Async texture creation enabled
[2017.02.15-14.57.02:216][  0]LogD3D11RHI: GPU Timing Frequency: 1000.000000 (Debug: 2 2)
[2017.02.15-14.57.02:217][  0]LogShaderCompilers: Guid format shader working directory is 9 characters bigger than the processId version (../../../../../../Users/Nirvik Baruah/FOBISEA/Intermediate/Shaders/WorkingDirectory/3236/).
[2017.02.15-14.57.02:217][  0]LogShaderCompilers: Cleaned the shader compiler working directory 'C:/Users/Nirvik Baruah/AppData/Local/Temp/UnrealShaderWorkingDir/872279E44E919FF2212ADFAD2CE5D44C/'.
[2017.02.15-14.57.02:217][  0]LogShaderCompilers:Display: Using Local Shader Compiler.
[2017.02.15-14.57.03:228][  0]LogTemp:Display: Loaded TP AllDesktopTargetPlatform
[2017.02.15-14.57.03:285][  0]LogTemp:Display: Loaded TP MacClientTargetPlatform
[2017.02.15-14.57.03:341][  0]LogTemp:Display: Loaded TP MacNoEditorTargetPlatform
[2017.02.15-14.57.03:398][  0]LogTemp:Display: Loaded TP MacServerTargetPlatform
[2017.02.15-14.57.03:454][  0]LogTemp:Display: Loaded TP MacTargetPlatform
[2017.02.15-14.57.03:509][  0]LogTemp:Display: Loaded TP WindowsClientTargetPlatform
[2017.02.15-14.57.03:565][  0]LogTemp:Display: Loaded TP WindowsNoEditorTargetPlatform
[2017.02.15-14.57.03:621][  0]LogTemp:Display: Loaded TP WindowsServerTargetPlatform
[2017.02.15-14.57.03:669][  0]LogTemp:Display: Loaded TP WindowsTargetPlatform
[2017.02.15-14.57.03:724][  0]LogTemp:Display: Loaded TP AndroidTargetPlatform
[2017.02.15-14.57.03:778][  0]LogTemp:Display: Loaded TP Android_ASTCTargetPlatform
[2017.02.15-14.57.03:833][  0]LogTemp:Display: Loaded TP Android_ATCTargetPlatform
[2017.02.15-14.57.03:887][  0]LogTemp:Display: Loaded TP Android_DXTTargetPlatform
[2017.02.15-14.57.03:942][  0]LogTemp:Display: Loaded TP Android_ETC1TargetPlatform
[2017.02.15-14.57.03:997][  0]LogTemp:Display: Loaded TP Android_ETC2TargetPlatform
[2017.02.15-14.57.04:105][  0]LogTemp:Display: Loaded TP Android_MultiTargetPlatform
[2017.02.15-14.57.04:105][  0]LogTemp:Display: Loaded TP Android_PVRTCTargetPlatform
[2017.02.15-14.57.04:145][  0]LogTemp:Display: Loaded TP HTML5TargetPlatform
[2017.02.15-14.57.04:233][  0]LogTemp:Display: Loaded TP IOSTargetPlatform
[2017.02.15-14.57.04:269][  0]LogTemp:Display: Loaded TP TVOSTargetPlatform
[2017.02.15-14.57.04:324][  0]LogTemp:Display: Loaded TP LinuxClientTargetPlatform
[2017.02.15-14.57.04:380][  0]LogTemp:Display: Loaded TP LinuxNoEditorTargetPlatform
[2017.02.15-14.57.04:435][  0]LogTemp:Display: Loaded TP LinuxServerTargetPlatform
[2017.02.15-14.57.04:489][  0]LogTemp:Display: Loaded TP LinuxTargetPlatform
[2017.02.15-14.57.04:489][  0]LogTargetPlatformManager:Display: Building Assets For Windows
[2017.02.15-14.57.04:907][  0]LogDerivedDataCache:Display: Max Cache Size: 512 MB
[2017.02.15-14.57.04:990][  0]LogDerivedDataCache: Loaded boot cache 0.08s 50MB C:/Users/Nirvik Baruah/AppData/Local/UnrealEngine/4.14/DerivedDataCache/Boot.ddc.
[2017.02.15-14.57.04:990][  0]LogDerivedDataCache:Display: Loaded Boot cache: C:/Users/Nirvik Baruah/AppData/Local/UnrealEngine/4.14/DerivedDataCache/Boot.ddc
[2017.02.15-14.57.04:990][  0]LogDerivedDataCache: FDerivedDataBackendGraph:  Pak pak cache file ../../../../../../Users/Nirvik Baruah/FOBISEA/DerivedDataCache/DDC.ddp not found, will not use a pak cache.
[2017.02.15-14.57.04:990][  0]LogDerivedDataCache: Unable to find inner node Pak for hierarchical cache Hierarchy.
[2017.02.15-14.57.04:991][  0]LogDerivedDataCache: FDerivedDataBackendGraph:  CompressedPak pak cache file ../../../../../../Users/Nirvik Baruah/FOBISEA/DerivedDataCache/Compressed.ddp not found, will not use a pak cache.
[2017.02.15-14.57.04:991][  0]LogDerivedDataCache: Unable to find inner node CompressedPak for hierarchical cache Hierarchy.
[2017.02.15-14.57.05:007][  0]LogDerivedDataCache:Display: Pak cache opened for reading ../../../Engine/DerivedDataCache/Compressed.ddp.
[2017.02.15-14.57.05:019][  0]LogDerivedDataCache: Using Local data cache path C:/Users/Nirvik Baruah/AppData/Local/UnrealEngine/Common/DerivedDataCache: Writable
[2017.02.15-14.57.05:245][  0]LogInit: Selected Device Profile: [Windows]
[2017.02.15-14.57.05:249][  0]LogContentStreaming: Texture pool size is 0.00 MB
[2017.02.15-14.57.05:456][  0]LogMeshUtilities: Using QuadricMeshReduction for automatic static mesh reduction
[2017.02.15-14.57.05:499][  0]LogSimplygon: Simplygon DLL not present - disabling.
[2017.02.15-14.57.05:548][  0]LogMeshUtilities: Using SimplygonSwarm for distributed automatic mesh merging
[2017.02.15-14.57.05:548][  0]LogMeshUtilities: No automatic skeletal mesh reduction module available
[2017.02.15-14.57.05:548][  0]LogMeshUtilities: No automatic mesh merging module available
[2017.02.15-14.57.06:110][  0]LogNetVersion: GetLocalNetworkVersion: CL: 3195953, ProjectName: fobisea, ProjectVersion: , EngineNetworkVersion: 2, GameNetworkVersion: 0, NetworkChecksum: 3779547873
[2017.02.15-14.57.06:173][  0]LogAssetRegistry: FAssetRegistry took 0.0212 seconds to start up
[2017.02.15-14.57.06:228][  0]LogPackageLocalizationCache: Processed 3 localized package path(s) for 2 prioritized culture(s) in 0.024298 seconds
[2017.02.15-14.57.06:233][  0]LogUObjectArray: 31946 objects as part of root set at end of initial load.
[2017.02.15-14.57.06:233][  0]LogUObjectAllocator: 6935848 out of 0 bytes used by permanent object pool.
[2017.02.15-14.57.06:233][  0]LogUObjectArray: CloseDisregardForGC: 0/0 objects in disregard for GC pool
[2017.02.15-14.57.06:300][  0]LogInit: WinSock: version 1.1 (2.2), MaxSocks=32767, MaxUdp=65467
[2017.02.15-14.57.07:050][  0]LogSlate: Using Freetype 2.6.0
[2017.02.15-14.57.07:051][  0]LogSlate: SlateFontCache - WITH_FREETYPE: 1, WITH_HARFBUZZ: 1
[2017.02.15-14.57.07:051][  0]LogSlate: SlateFontCache - WITH_FREETYPE: 1, WITH_HARFBUZZ: 1
[2017.02.15-14.57.07:814][  0]LogTcpMessaging: Initializing TcpMessaging bridge
[2017.02.15-14.57.07:857][  0]LogUdpMessaging: Initializing bridge on interface 0.0.0.0:0 to multicast group 230.0.0.1:6666.
[2017.02.15-14.57.08:163][  0]LogMaterial: Uniform references updated for custom material expression Custom.
[2017.02.15-14.57.08:549][  0]SourceControl: Info Source control is disabled
[2017.02.15-14.57.08:571][  0]SourceControl: Info Source control is disabled
[2017.02.15-14.57.08:620][  0]SourceControl: Info Source control is disabled
[2017.02.15-14.57.08:669][  0]SourceControl: Info Source control is disabled
[2017.02.15-14.57.08:981][  0]LogLinker:Warning: Can't find file '/Game/FirstPersonBP/FirstPersonOverview'
[2017.02.15-14.57.08:981][  0]LogLinker:Warning: Can't find file '/Game/FirstPersonBP/FirstPersonOverview'
[2017.02.15-14.57.08:981][  0]LogUObjectGlobals:Warning: Failed to find object 'Class /Game/FirstPersonBP/FirstPersonOverview.FirstPersonOverview_C'
[2017.02.15-14.57.09:990][  0]LogEngine: Initializing Engine...
[2017.02.15-14.57.09:991][  0]LogHMD: Failed to initialize OpenVR with code 110
[2017.02.15-14.57.10:225][  0]LogAIModule: Creating AISystem for world Untitled
[2017.02.15-14.57.10:235][  0]LogInit: XAudio2 using '227EQPH-14 (2- NVIDIA High Definition Audio)' : 2 channels at 48 kHz using 16 bits per sample (channel mask 0x3)
[2017.02.15-14.57.10:241][  0]LogInit: FAudioDevice initialized.
[2017.02.15-14.57.10:274][  0]LogDerivedDataCache: Saved boot cache 0.03s 50MB C:/Users/Nirvik Baruah/AppData/Local/UnrealEngine/4.14/DerivedDataCache/Boot.ddc.
[2017.02.15-14.57.10:292][  0]LogInit: Texture streaming: Enabled
[2017.02.15-14.57.10:477][  0]LogInit: Transaction tracking system initialized
[2017.02.15-14.57.10:828][  0]BlueprintLog: New page: Editor Load
[2017.02.15-14.57.11:718][  0]LocalizationService: Info Localization service is disabled
[2017.02.15-14.57.12:379][  0]LogConsoleResponse:Display: 
[2017.02.15-14.57.12:515][  0]LogCook:Display: Max memory allowance for cook 16384mb min free memory 0mb
[2017.02.15-14.57.12:515][  0]LogCook:Display: Mobile HDR setting 1
[2017.02.15-14.57.13:459][  0]LogFileCache: Scanning file cache for directory 'C:/Users/Nirvik Baruah/FOBISEA/Content/' took 0.02s
[2017.02.15-14.57.13:504][  0]SourceControl: Info Source control is disabled
[2017.02.15-14.57.13:504][  0]Cmd: MAP LOAD FILE="../../../../../../Users/Nirvik Baruah/FOBISEA/Content/FirstPersonBP/Maps/FirstPersonExampleMap.umap" TEMPLATE=0 SHOWPROGRESS=1 FEATURELEVEL=3
[2017.02.15-14.57.13:505][  0]LogEditorServer:Warning: Can't find file '../../../../../../Users/Nirvik Baruah/FOBISEA/Content/FirstPersonBP/Maps/FirstPersonExampleMap.umap'
[2017.02.15-14.57.13:505][  0]Cmd: MAP CHECKDEP NOCLEARLOG
[2017.02.15-14.57.13:544][  0]MapCheck: Info Map check complete: 0 Error(s), 0 Warning(s), took 39.11ms to complete.
[2017.02.15-14.57.13:544][  0]LogFileHelpers: Loading map 'FirstPersonExampleMap' took 0.039
[2017.02.15-14.57.13:590][  0]LogWindowsTextInputMethodSystem:Display: IME system now deactivated.
[2017.02.15-14.57.13:707][  0]LogCollectionManager: Loaded 0 collections in 0.001781 seconds
[2017.02.15-14.57.13:783][  0]LogFileCache: Scanning file cache for directory 'C:/Users/Nirvik Baruah/FOBISEA/Saved/Collections/' took 0.01s
[2017.02.15-14.57.13:783][  0]LogFileCache: Scanning file cache for directory 'C:/Users/Nirvik Baruah/FOBISEA/Content/Developers/NirvikBaruah/Collections/' took 0.01s
[2017.02.15-14.57.13:783][  0]LogFileCache: Scanning file cache for directory 'C:/Users/Nirvik Baruah/FOBISEA/Content/Collections/' took 0.01s
[2017.02.15-14.57.13:783][  0]LogCollectionManager: Rebuilt the GUID cache for 0 collections in 0.000002 seconds
[2017.02.15-14.57.13:792][  0]LogContentBrowser: Native class hierarchy populated in 0.0087 seconds. Added 2191 classes and 430 folders.
[2017.02.15-14.57.13:834][  0]LogStats: UGameplayTagsManager::ConstructGameplayTagTree: Construct from data asset -  0.000 s
[2017.02.15-14.57.13:834][  0]LogStats: UGameplayTagsManager::ConstructGameplayTagTree: GameplayTagTreeChangedEvent.Broadcast -  0.000 s
[2017.02.15-14.57.13:834][  0]LogContentBrowser: Native class hierarchy updated for 'GameplayTags' in 0.0005 seconds. Added 13 classes and 0 folders.
[2017.02.15-14.57.13:897][  0]LogContentBrowser: Native class hierarchy updated for 'WidgetCarousel' in 0.0004 seconds. Added 0 classes and 0 folders.
[2017.02.15-14.57.13:940][  0]LogContentBrowser: Native class hierarchy updated for 'AddContentDialog' in 0.0005 seconds. Added 0 classes and 0 folders.
[2017.02.15-14.57.14:010][  0]LogCrashTracker: Crashtracker disabled due to settings.
[2017.02.15-14.57.14:014][  0]LogUObjectGlobals:Warning: Failed to find object 'Class None.'
[2017.02.15-14.57.14:079][  0]LogContentBrowser: Native class hierarchy updated for 'HierarchicalLODOutliner' in 0.0005 seconds. Added 1 classes and 2 folders.
[2017.02.15-14.57.14:079][  0]LogLoad: (Engine Initialization) Total time: 13.98 seconds
[2017.02.15-14.57.14:079][  0]LogLoad: (Engine Initialization) Total Blueprint compile time: 0.04 seconds
[2017.02.15-14.57.14:079][  0]LogExternalProfiler: No external profilers were discovered.  External profiling features will not be available.
[2017.02.15-14.57.14:088][  0]LogOcInput: OculusInput pre-init called
[2017.02.15-14.57.14:107][  0]LogContentStreaming: Texture pool size now 1000 MB
[2017.02.15-14.57.14:241][  0]LogRenderer: Reallocating scene render targets to support 1208x576 NumSamples 1 (Frame:2).
[2017.02.15-14.57.14:465][  1]LogAssetRegistry: Asset discovery search completed in 8.3130 seconds
[2017.02.15-14.57.14:465][  1]LogCollectionManager: Rebuilt the object cache for 0 collections in 0.000001 seconds (found 0 objects)
[2017.02.15-14.57.14:465][  1]LogCollectionManager: Fixed up redirectors for 0 collections in 0.000017 seconds (updated 0 objects)
[2017.02.15-14.58.05:286][  8]LogAIModule: Creating AISystem for world MovementTesting
[2017.02.15-14.58.05:319][  8]Cmd: MAP LOAD FILE="../../../../../../Users/Nirvik Baruah/FOBISEA/Content/Levels/MovementTesting.umap" TEMPLATE=0 SHOWPROGRESS=1 FEATURELEVEL=3
[2017.02.15-14.58.05:319][  8]LightingResults: New page: Lighting Build
[2017.02.15-14.58.05:361][  8]LogContentBrowser: Native class hierarchy updated for 'StatsViewer' in 0.0005 seconds. Added 5 classes and 0 folders.
[2017.02.15-14.58.05:362][  8]LoadErrors: New page: Loading map: MovementTesting.umap
[2017.02.15-14.58.05:362][  8]MapCheck: New page: Map Check
[2017.02.15-14.58.05:362][  8]LightingResults: New page: Lighting Build
[2017.02.15-14.58.05:425][  8]LogEditorServer: Finished looking for orphan Actors (0.000 secs)
[2017.02.15-14.58.05:446][  8]Cmd: MAP CHECKDEP NOCLEARLOG
[2017.02.15-14.58.05:498][  8]MapCheck: Info Map check complete: 0 Error(s), 0 Warning(s), took 52.117ms to complete.
[2017.02.15-14.58.05:499][  8]LogFileHelpers: Loading map 'MovementTesting' took 0.181
[2017.02.15-14.58.10:264][483]LogTemp: Repeting last play command: Selected Viewport
[2017.02.15-14.58.10:277][483]LogPlayLevel: PlayLevel: No blueprints needed recompiling
[2017.02.15-14.58.10:277][483]PIE: New page: PIE session: MovementTesting (Feb 14, 2017, 10:58:10 PM)
[2017.02.15-14.58.10:277][483]LogPlayLevel: Creating play world package: /Game/Levels/UEDPIE_0_MovementTesting
[2017.02.15-14.58.10:281][483]LogPlayLevel: PIE: StaticDuplicateObject took: (0.003473s)
[2017.02.15-14.58.10:282][483]LogAIModule: Creating AISystem for world MovementTesting
[2017.02.15-14.58.10:282][483]LogPlayLevel: PIE: World Init took: (0.000905s)
[2017.02.15-14.58.10:282][483]LogPlayLevel: PIE: Created PIE world by copying editor world from /Game/Levels/MovementTesting.MovementTesting to /Game/Levels/UEDPIE_0_MovementTesting.MovementTesting (0.004613s)
[2017.02.15-14.58.10:297][483]LogInit: XAudio2 using '227EQPH-14 (2- NVIDIA High Definition Audio)' : 2 channels at 48 kHz using 16 bits per sample (channel mask 0x3)
[2017.02.15-14.58.10:302][483]LogInit: FAudioDevice initialized.
[2017.02.15-14.58.10:349][483]LogLinker:Warning: Can't find file '/Game/FirstPersonBP/Blueprints/FirstPersonGameMode'
[2017.02.15-14.58.10:349][483]LogLinker:Warning: Can't find file '/Game/FirstPersonBP/Blueprints/FirstPersonGameMode'
[2017.02.15-14.58.10:349][483]LogUObjectGlobals:Warning: Failed to find object 'Class /Game/FirstPersonBP/Blueprints/FirstPersonGameMode.FirstPersonGameMode_C'
[2017.02.15-14.58.10:349][483]LogLoad: Game class is 'GameModeBase'
[2017.02.15-14.58.10:352][483]LogWorld: Bringing World /Game/Levels/UEDPIE_0_MovementTesting.MovementTesting up for play (max tick rate 0) at 2017.02.15-06.58.10
[2017.02.15-14.58.10:353][483]LogWorld: Bringing up level for play took: 0.002505
[2017.02.15-14.58.10:394][483]LogContentBrowser: Native class hierarchy updated for 'MovieSceneCapture' in 0.0005 seconds. Added 11 classes and 0 folders.
[2017.02.15-14.58.10:395][483]PIE: Info Play in editor start time for /Game/Levels/UEDPIE_0_MovementTesting 0.552
[2017.02.15-14.58.14:767][935]LogTemp: Repeting last play command: Selected Viewport
[2017.02.15-14.58.14:780][935]LogPlayLevel: PlayLevel: No blueprints needed recompiling
[2017.02.15-14.58.14:780][935]PIE: New page: PIE session: MovementTesting (Feb 14, 2017, 10:58:14 PM)
[2017.02.15-14.58.14:780][935]LogPlayLevel: Creating play world package: /Game/Levels/UEDPIE_0_MovementTesting
[2017.02.15-14.58.14:786][935]LogPlayLevel: PIE: StaticDuplicateObject took: (0.005144s)
[2017.02.15-14.58.14:786][935]LogAIModule: Creating AISystem for world MovementTesting
[2017.02.15-14.58.14:787][935]LogPlayLevel: PIE: World Init took: (0.001087s)
[2017.02.15-14.58.14:787][935]LogPlayLevel: PIE: Created PIE world by copying editor world from /Game/Levels/MovementTesting.MovementTesting to /Game/Levels/UEDPIE_0_MovementTesting.MovementTesting (0.006473s)
[2017.02.15-14.58.14:885][935]LogInit: XAudio2 using '227EQPH-14 (2- NVIDIA High Definition Audio)' : 2 channels at 48 kHz using 16 bits per sample (channel mask 0x3)
[2017.02.15-14.58.14:893][935]LogInit: FAudioDevice initialized.
[2017.02.15-14.58.14:923][935]LogLinker:Warning: Can't find file '/Game/FirstPersonBP/Blueprints/FirstPersonGameMode'
[2017.02.15-14.58.14:923][935]LogLinker:Warning: Can't find file '/Game/FirstPersonBP/Blueprints/FirstPersonGameMode'
[2017.02.15-14.58.14:923][935]LogUObjectGlobals:Warning: Failed to find object 'Class /Game/FirstPersonBP/Blueprints/FirstPersonGameMode.FirstPersonGameMode_C'
[2017.02.15-14.58.14:923][935]LogLoad: Game class is 'GameModeBase'
[2017.02.15-14.58.14:926][935]LogWorld: Bringing World /Game/Levels/UEDPIE_0_MovementTesting.MovementTesting up for play (max tick rate 0) at 2017.02.15-06.58.14
[2017.02.15-14.58.14:927][935]LogWorld: Bringing up level for play took: 0.002610
[2017.02.15-14.58.14:927][935]PIE: Info Play in editor start time for /Game/Levels/UEDPIE_0_MovementTesting 1.084
[2017.02.15-14.58.25:589][156]MapCheck: New page: Map Check
[2017.02.15-14.58.25:689][156]Cmd: MAP REBUILD ALLVISIBLE
[2017.02.15-14.58.25:690][156]LogEditorServer: Rebuildmap Clear paths rebuilt
[2017.02.15-14.58.25:972][156]LightingResults: New page: Lighting Build - Feb 14, 2017, 10:58:25 PM
[2017.02.15-14.58.26:565][156]LogSwarmInterface: [OpenConnection] Registering TCP channel ...
[2017.02.15-14.58.26:818][156]LogSwarmInterface: [OpenConnection] Connecting to agent ...
[2017.02.15-14.58.26:990][156]LogSwarmInterface: [TryOpenConnection] Testing the Agent
[2017.02.15-14.58.29:974][156]LogSwarmInterface:Error: [TryOpenConnection] Waiting for the agent to start up ...
[2017.02.15-14.58.30:187][156]LogSwarmInterface:Error: System.Net.Sockets.SocketException (0x80004005): No connection could be made because the target machine actively refused it 127.0.0.1:8008

Server stack trace: 
   at System.Net.Sockets.Socket.DoConnect(EndPoint endPointSnapshot, SocketAddress socketAddress)
   at System.Net.Sockets.Socket.Connect(EndPoint remoteEP)
   at System.Runtime.Remoting.Channels.RemoteConnection.CreateNewSocket(EndPoint ipEndPoint)
   at System.Runtime.Remoting.Channels.SocketCache.GetSocket(String machinePortAndSid, Boolean openNew)
   at System.Runtime.Remoting.Channels.Tcp.TcpClientTransportSink.SendRequestWithRetry(IMessage msg, ITransportHeaders requestHeaders, Stream requestStream)
   at System.Runtime.Remoting.Channels.Tcp.TcpClientTransportSink.AsyncProcessRequest(IClientChannelSinkStack sinkStack, IMessage msg, ITransportHeaders headers, Stream stream)
   at System.Runtime.Remoting.Channels.BinaryClientFormatterSink.AsyncProcessMessage(IMessage msg, IMessageSink replySink)

Exception rethrown at [0]: 
   at System.Runtime.Remoting.Proxies.RealProxy.HandleReturnMessage(IMessage reqMsg, IMessage retMsg)
   at System.Runtime.Remoting.Proxies.RealProxy.PrivateInvoke(MessageData& msgData, Int32 type)
   at NSwarm.IAgentInterfaceWrapper.MethodDelegate.EndInvoke(Hashtable& OutParameters, IAsyncResult result)
   at NSwarm.FSwarmInterface.TryOpenConnection(FConnectionCallback CallbackFunc, IntPtr CallbackData, ELogFlags LoggingFlags)
[2017.02.15-14.58.35:399][156]LogSwarmInterface: [TryOpenConnection] Opening Connection to Agent
[2017.02.15-14.58.35:399][156]LogSwarmInterface: [TryOpenConnection] Local Process ID is 3236
[2017.02.15-14.58.40:475][156]LogStaticLightingSystem:Warning: No importance volume found, so the scene bounding box was used.  You can optimize your scene's quality and lighting build times by adding importance volumes.
[2017.02.15-14.58.40:475][156]LogStaticLightingSystem: Running Lightmass w/ ImmediateImport mode ENABLED
[2017.02.15-14.58.40:475][156]LogStaticLightingSystem: Running Lightmass w/ ImmediateProcess mode ENABLED
[2017.02.15-14.58.40:475][156]LogStaticLightingSystem: Running Lightmass w/ Sorting mode ENABLED
[2017.02.15-14.58.40:475][156]LogStaticLightingSystem: Running Lightmass w/ Mapping paddings ENABLED
[2017.02.15-14.58.40:475][156]LogStaticLightingSystem: Running Lightmass w/ Mapping debug paddings DISABLED
[2017.02.15-14.58.40:887][156]Cmd: MAP CHECK DONTDISPLAYDIALOG
[2017.02.15-14.58.40:887][156]MapCheck: New page: MovementTesting - Feb 14, 2017, 10:58:40 PM
[2017.02.15-14.58.40:919][156]MapCheck:Error: Error WorldSettings Maps need lighting rebuilt 
[2017.02.15-14.58.40:972][156]MapCheck: Info Map check complete: 1 Error(s), 0 Warning(s), took 85.474ms to complete.
[2017.02.15-14.58.40:994][156]LogEditorBuildUtils: Build time 0:15
[2017.02.15-14.58.47:898][174]Job is a success!
[2017.02.15-14.58.48:933][175]LogTexture:Display: Building textures: HQ_Lightmap1_1 (AutoDXT)
[2017.02.15-14.58.48:933][175]LogTexture:Display: Building textures: LQ_Lightmap_1_2 (DXT1)
[2017.02.15-14.58.48:933][175]LogTexture:Display: Building textures: HQ_Lightmap1_2 (AutoDXT)
[2017.02.15-14.58.48:933][175]LogTexture:Display: Building textures: LQ_Lightmap_1_1 (DXT1)
[2017.02.15-14.58.49:093][175]LogTexture:Display: Building textures: ShadowMapTexture2D_2 (BGRA8)
[2017.02.15-14.58.49:093][175]LogTexture:Display: Building textures: ShadowMapTexture2D_3 (G8)
[2017.02.15-14.58.49:560][175]Lightmass on DESKTOP-23JBB1O: 5.67 sec total, 708 ms importing, 103 ms setup, 537 ms photons, 3.99 sec processing, 0 ms extra exporting [28/28 mappings]. Threads: 27.7 sec total, 13.9 sec processing.
[2017.02.15-14.58.49:578][175]LogStaticLightingSystem: Illumination: 23.2 sec (565 ms encoding lightmaps, 154 ms encoding shadowmaps)
[2017.02.15-14.58.49:578][175]LogStaticLightingSystem: Lightmap texture memory:  2.0 MB (2.0 MB streaming, 0.0 MB non-streaming), 4 textures
[2017.02.15-14.58.49:578][175]LogStaticLightingSystem: Shadowmap texture memory: 2.7 MB (2.7 MB streaming, 0.0 MB non-streaming), 2 textures
[2017.02.15-14.58.50:451][175]DumpUnbuiltLightIteractions
[2017.02.15-14.58.50:451][175]Lights with unbuilt interactions: 0
[2017.02.15-14.58.50:451][175]
[2017.02.15-14.58.50:451][175]Primitives with unbuilt interactions: 0
[2017.02.15-14.58.50:459][176]Cmd: MAP CHECK NOTIFYRESULTS
[2017.02.15-14.58.50:459][176]MapCheck: New page: MovementTesting - Feb 14, 2017, 10:58:50 PM
[2017.02.15-14.58.50:520][176]MapCheck: Info Map check complete: 0 Error(s), 0 Warning(s), took 61.353ms to complete.
[2017.02.15-14.58.53:190][184]LogEditorViewport: Clicking on Actor (LMB): BP_Sky_Sphere_C (BP_Sky_Shere)
[2017.02.15-14.58.55:771][425]LogTemp: Repeting last play command: Selected Viewport
[2017.02.15-14.58.55:787][425]LogPlayLevel: PlayLevel: No blueprints needed recompiling
[2017.02.15-14.58.55:788][425]PIE: New page: PIE session: MovementTesting (Feb 14, 2017, 10:58:55 PM)
[2017.02.15-14.58.55:788][425]LogPlayLevel: Creating play world package: /Game/Levels/UEDPIE_0_MovementTesting
[2017.02.15-14.58.55:791][425]LogPlayLevel: PIE: StaticDuplicateObject took: (0.003613s)
[2017.02.15-14.58.55:792][425]LogAIModule: Creating AISystem for world MovementTesting
[2017.02.15-14.58.55:792][425]LogPlayLevel: PIE: World Init took: (0.000933s)
[2017.02.15-14.58.55:792][425]LogPlayLevel: PIE: Created PIE world by copying editor world from /Game/Levels/MovementTesting.MovementTesting to /Game/Levels/UEDPIE_0_MovementTesting.MovementTesting (0.004796s)
[2017.02.15-14.58.55:806][425]LogInit: XAudio2 using '227EQPH-14 (2- NVIDIA High Definition Audio)' : 2 channels at 48 kHz using 16 bits per sample (channel mask 0x3)
[2017.02.15-14.58.55:810][425]LogInit: FAudioDevice initialized.
[2017.02.15-14.58.55:843][425]LogLinker:Warning: Can't find file '/Game/FirstPersonBP/Blueprints/FirstPersonGameMode'
[2017.02.15-14.58.55:844][425]LogLinker:Warning: Can't find file '/Game/FirstPersonBP/Blueprints/FirstPersonGameMode'
[2017.02.15-14.58.55:844][425]LogUObjectGlobals:Warning: Failed to find object 'Class /Game/FirstPersonBP/Blueprints/FirstPersonGameMode.FirstPersonGameMode_C'
[2017.02.15-14.58.55:844][425]LogLoad: Game class is 'GameModeBase'
[2017.02.15-14.58.55:847][425]LogWorld: Bringing World /Game/Levels/UEDPIE_0_MovementTesting.MovementTesting up for play (max tick rate 0) at 2017.02.15-06.58.55
[2017.02.15-14.58.55:847][425]LogWorld: Bringing up level for play took: 0.002519
[2017.02.15-14.58.55:848][425]PIE: Info Play in editor start time for /Game/Levels/UEDPIE_0_MovementTesting 0.005
[2017.02.15-14.59.23:482][ 78]LogContentBrowser: Native class hierarchy updated for 'BlueprintGraph' in 0.0009 seconds. Added 111 classes and 0 folders.
[2017.02.15-14.59.27:972][360]LogRenderer: Reallocating scene render targets to support 1208x900 NumSamples 1 (Frame:11689).
[2017.02.15-14.59.48:089][585]LogSavePackage: Save=44.33ms
[2017.02.15-14.59.48:089][585]LogSavePackage: Moving '../../../../../../Users/Nirvik Baruah/FOBISEA/Saved/ThirdPersonCharacter83297D6A4D73D5D5E91B789AF35D0D62.tmp' to '../../../../../../Users/Nirvik Baruah/FOBISEA/Content/Models/Character/ThirdPersonBP/Blueprints/ThirdPersonCharacter.uasset'
[2017.02.15-14.59.48:090][585]LogFileManager:Warning: DeleteFile was unable to delete '../../../../../../Users/Nirvik Baruah/FOBISEA/Content/Models/Character/ThirdPersonBP/Blueprints/ThirdPersonCharacter.uasset', retrying in .5s...
[2017.02.15-14.59.48:590][585]LogFileManager:Error: Error deleting file '../../../../../../Users/Nirvik Baruah/FOBISEA/Content/Models/Character/ThirdPersonBP/Blueprints/ThirdPersonCharacter.uasset'.
[2017.02.15-14.59.48:590][585]LogSavePackage:Error: Error saving '../../../../../../Users/Nirvik Baruah/FOBISEA/Content/Models/Character/ThirdPersonBP/Blueprints/ThirdPersonCharacter.uasset'
[2017.02.15-14.59.48:592][585]LogSavePackage:Display: Finished SavePackage ../../../../../../Users/Nirvik Baruah/FOBISEA/Content/Models/Character/ThirdPersonBP/Blueprints/ThirdPersonCharacter.uasset
[2017.02.15-14.59.53:580][585]LogSavePackage: Save=36.14ms
[2017.02.15-14.59.53:580][585]LogSavePackage: Moving '../../../../../../Users/Nirvik Baruah/FOBISEA/Saved/ThirdPersonCharacter92F1E203430D628B485C33950918195C.tmp' to '../../../../../../Users/Nirvik Baruah/FOBISEA/Content/Models/Character/ThirdPersonBP/Blueprints/ThirdPersonCharacter.uasset'
[2017.02.15-14.59.53:580][585]LogFileManager:Warning: DeleteFile was unable to delete '../../../../../../Users/Nirvik Baruah/FOBISEA/Content/Models/Character/ThirdPersonBP/Blueprints/ThirdPersonCharacter.uasset', retrying in .5s...
[2017.02.15-14.59.54:081][585]LogFileManager:Error: Error deleting file '../../../../../../Users/Nirvik Baruah/FOBISEA/Content/Models/Character/ThirdPersonBP/Blueprints/ThirdPersonCharacter.uasset'.
[2017.02.15-14.59.54:081][585]LogSavePackage:Error: Error saving '../../../../../../Users/Nirvik Baruah/FOBISEA/Content/Models/Character/ThirdPersonBP/Blueprints/ThirdPersonCharacter.uasset'
[2017.02.15-14.59.54:082][585]LogSavePackage:Display: Finished SavePackage ../../../../../../Users/Nirvik Baruah/FOBISEA/Content/Models/Character/ThirdPersonBP/Blueprints/ThirdPersonCharacter.uasset
[2017.02.15-14.59.58:165][585]EditorErrors: New page: Save Output
[2017.02.15-14.59.58:165][585]EditorErrors:Warning: Warning Error saving '../../../../../../Users/Nirvik Baruah/FOBISEA/Content/Models/Character/ThirdPersonBP/Blueprints/ThirdPersonCharacter.uasset'
[2017.02.15-14.59.58:165][585]EditorErrors:Warning: Warning Error saving '../../../../../../Users/Nirvik Baruah/FOBISEA/Content/Models/Character/ThirdPersonBP/Blueprints/ThirdPersonCharacter.uasset'
[2017.02.15-15.00.03:547][920]LogTemp: Repeting last play command: Selected Viewport
[2017.02.15-15.00.03:567][920]BlueprintLog: New page: Pre-Play auto-recompile
[2017.02.15-15.00.03:567][920]LogPlayLevel: [PlayLevel] Compiling ThirdPersonCharacter before play...
[2017.02.15-15.00.03:904][920]LogPlayLevel: PlayLevel: Blueprint regeneration took 337 ms (1 blueprints)
[2017.02.15-15.00.03:905][920]PIE: New page: PIE session: MovementTesting (Feb 14, 2017, 11:00:03 PM)
[2017.02.15-15.00.03:905][920]LogPlayLevel: Creating play world package: /Game/Levels/UEDPIE_0_MovementTesting
[2017.02.15-15.00.03:908][920]LogPlayLevel: PIE: StaticDuplicateObject took: (0.003433s)
[2017.02.15-15.00.03:909][920]LogAIModule: Creating AISystem for world MovementTesting
[2017.02.15-15.00.03:909][920]LogPlayLevel: PIE: World Init took: (0.000952s)
[2017.02.15-15.00.03:909][920]LogPlayLevel: PIE: Created PIE world by copying editor world from /Game/Levels/MovementTesting.MovementTesting to /Game/Levels/UEDPIE_0_MovementTesting.MovementTesting (0.004600s)
[2017.02.15-15.00.03:929][920]LogInit: XAudio2 using '227EQPH-14 (2- NVIDIA High Definition Audio)' : 2 channels at 48 kHz using 16 bits per sample (channel mask 0x3)
[2017.02.15-15.00.03:933][920]LogInit: FAudioDevice initialized.
[2017.02.15-15.00.03:961][920]LogLinker:Warning: Can't find file '/Game/FirstPersonBP/Blueprints/FirstPersonGameMode'
[2017.02.15-15.00.03:962][920]LogLinker:Warning: Can't find file '/Game/FirstPersonBP/Blueprints/FirstPersonGameMode'
[2017.02.15-15.00.03:962][920]LogUObjectGlobals:Warning: Failed to find object 'Class /Game/FirstPersonBP/Blueprints/FirstPersonGameMode.FirstPersonGameMode_C'
[2017.02.15-15.00.03:962][920]LogLoad: Game class is 'GameModeBase'
[2017.02.15-15.00.03:965][920]LogWorld: Bringing World /Game/Levels/UEDPIE_0_MovementTesting.MovementTesting up for play (max tick rate 0) at 2017.02.15-07.00.03
[2017.02.15-15.00.03:965][920]LogWorld: Bringing up level for play took: 0.002382
[2017.02.15-15.00.03:966][920]PIE: Info Play in editor start time for /Game/Levels/UEDPIE_0_MovementTesting 0.123
[2017.02.15-15.00.14:341][437]Cmd: QUIT_EDITOR
[2017.02.15-15.00.15:308][437]LogWindowsTextInputMethodSystem:Display: IME system now deactivated.
[2017.02.15-15.00.15:348][437]LogExit: Preparing to exit.
[2017.02.15-15.00.16:025][437]LogDirectoryWatcher: A directory notification for 'C:/Users/Nirvik Baruah/FOBISEA/Content/' was aborted.
[2017.02.15-15.00.16:067][437]LogExit: Editor shut down
[2017.02.15-15.00.16:067][437]LogExit: Transaction tracking system shut down
[2017.02.15-15.00.16:158][437]LogObj: Freed 0b from 0 cluster array pools.
[2017.02.15-15.00.16:159][437]LogExit: Object subsystem successfully closed.
[2017.02.15-15.00.16:175][437]LogD3D11RHI: Shutdown
[2017.02.15-15.00.16:175][437]LogD3D11RHI: CleanupD3DDevice
[2017.02.15-15.00.16:432][437]LogD3D11RHI: ~FD3D11DynamicRHI
[2017.02.15-15.00.16:450][437]LogHttp:Display: Http module shutting down, but needs to wait on 1 outstanding Http requests:
[2017.02.15-15.00.16:450][437]LogHttp:Display: 	verb=[POST] url=[https://datarouter.ol.epicgames.com/datarouter/api/v1/public/data?SessionID=%7BB34D8159-407F-DC46-564B-228D67999BDA%7D&AppID=UEEditor.Rocket.Release&AppVersion=4.14.3-3249277%2B%2B%2BUE4%2BRelease-4.14&UserID=c549e65845a66a88cc6bd8b286b61d54%7C37b2eef594594856914f79bd83f21a39%7C6f3cec32-f58e-44e2-966c-069f9ccff3b9&AppEnvironment=datacollector-binary&UploadType=eteventstream] status=Processing
[2017.02.15-15.00.16:452][437]LogModuleManager: Shutting down and abandoning module BlueprintGraph (245)
[2017.02.15-15.00.16:452][437]LogModuleManager: Shutting down and abandoning module BlueprintProfiler (244)
[2017.02.15-15.00.16:463][437]LogModuleManager: Shutting down and abandoning module HierarchicalLODUtilities (243)
[2017.02.15-15.00.16:463][437]LogModuleManager: Shutting down and abandoning module MovieSceneCapture (242)
[2017.02.15-15.00.16:463][437]LogModuleManager: Shutting down and abandoning module StatsViewer (241)
[2017.02.15-15.00.16:463][437]LogModuleManager: Shutting down and abandoning module HierarchicalLODOutliner (240)
[2017.02.15-15.00.16:463][437]LogModuleManager: Shutting down and abandoning module CrashTracker (239)
[2017.02.15-15.00.16:463][437]LogModuleManager: Shutting down and abandoning module WidgetCarousel (238)
[2017.02.15-15.00.16:463][437]LogModuleManager: Shutting down and abandoning module AddContentDialog (237)
[2017.02.15-15.00.16:463][437]LogDirectoryWatcher: A directory notification for 'C:/Program Files/Epic Games/UE_4.14/FeaturePacks/' was aborted.
[2017.02.15-15.00.16:465][437]LogModuleManager: Shutting down and abandoning module GameplayTags (236)
[2017.02.15-15.00.16:465][437]LogModuleManager: Shutting down and abandoning module EditorWidgets (235)
[2017.02.15-15.00.16:465][437]LogModuleManager: Shutting down and abandoning module CollectionManager (234)
[2017.02.15-15.00.16:465][437]LogDirectoryWatcher: A directory notification for 'C:/Users/Nirvik Baruah/FOBISEA/Content/Collections/' was aborted.
[2017.02.15-15.00.16:465][437]LogDirectoryWatcher: A directory notification for 'C:/Users/Nirvik Baruah/FOBISEA/Content/Developers/NirvikBaruah/Collections/' was aborted.
[2017.02.15-15.00.16:465][437]LogDirectoryWatcher: A directory notification for 'C:/Users/Nirvik Baruah/FOBISEA/Saved/Collections/' was aborted.
[2017.02.15-15.00.16:465][437]LogModuleManager: Shutting down and abandoning module SceneOutliner (233)
[2017.02.15-15.00.16:465][437]LogModuleManager: Shutting down and abandoning module FoliageEdit (232)
[2017.02.15-15.00.16:465][437]LogModuleManager: Shutting down and abandoning module LandscapeEditor (231)
[2017.02.15-15.00.16:465][437]LogModuleManager: Shutting down and abandoning module SceneDepthPickerMode (230)
[2017.02.15-15.00.16:465][437]LogModuleManager: Shutting down and abandoning module ActorPickerMode (229)
[2017.02.15-15.00.16:465][437]LogModuleManager: Shutting down and abandoning module GeometryMode (228)
[2017.02.15-15.00.16:465][437]LogModuleManager: Shutting down and abandoning module TextureAlignMode (227)
[2017.02.15-15.00.16:465][437]LogModuleManager: Shutting down and abandoning module BspMode (226)
[2017.02.15-15.00.16:465][437]LogModuleManager: Shutting down and abandoning module HardwareSurvey (225)
[2017.02.15-15.00.16:465][437]LogModuleManager: Shutting down and abandoning module SequenceRecorderSections (224)
[2017.02.15-15.00.16:465][437]LogModuleManager: Shutting down and abandoning module AutomationWorker (223)
[2017.02.15-15.00.16:465][437]LogModuleManager: Shutting down and abandoning module MatineeToLevelSequence (222)
[2017.02.15-15.00.16:465][437]LogModuleManager: Shutting down and abandoning module PlacementMode (221)
[2017.02.15-15.00.16:465][437]LogModuleManager: Shutting down and abandoning module LevelSequenceEditor (220)
[2017.02.15-15.00.16:465][437]LogModuleManager: Shutting down and abandoning module WmfMediaFactory (219)
[2017.02.15-15.00.16:465][437]LogModuleManager: Shutting down and abandoning module WmfMediaEditor (218)
[2017.02.15-15.00.16:465][437]LogModuleManager: Shutting down and abandoning module AvfMediaFactory (217)
[2017.02.15-15.00.16:465][437]LogModuleManager: Shutting down and abandoning module AvfMediaEditor (216)
[2017.02.15-15.00.16:465][437]LogModuleManager: Shutting down and abandoning module Media (215)
[2017.02.15-15.00.16:465][437]LogModuleManager: Shutting down and abandoning module AndroidMediaFactory (214)
[2017.02.15-15.00.16:465][437]LogModuleManager: Shutting down and abandoning module AndroidMediaEditor (213)
[2017.02.15-15.00.16:465][437]LogModuleManager: Shutting down and abandoning module CharacterAI (212)
[2017.02.15-15.00.16:465][437]LogModuleManager: Shutting down and abandoning module SequenceRecorder (211)
[2017.02.15-15.00.16:465][437]LogModuleManager: Shutting down and abandoning module AudioCapture (210)
[2017.02.15-15.00.16:465][437]LogModuleManager: Shutting down and abandoning module SmartSnapping (209)
[2017.02.15-15.00.16:465][437]LogModuleManager: Shutting down and abandoning module SessionServices (208)
[2017.02.15-15.00.16:465][437]LogModuleManager: Shutting down and abandoning module ViewportSnapping (207)
[2017.02.15-15.00.16:465][437]LogModuleManager: Shutting down and abandoning module ViewportInteraction (206)
[2017.02.15-15.00.16:465][437]LogModuleManager: Shutting down and abandoning module LogVisualizer (205)
[2017.02.15-15.00.16:465][437]LogModuleManager: Shutting down and abandoning module GameProjectGeneration (204)
[2017.02.15-15.00.16:465][437]LogModuleManager: Shutting down and abandoning module IntroTutorials (203)
[2017.02.15-15.00.16:465][437]LogModuleManager: Shutting down and abandoning module EditorLiveStreaming (202)
[2017.02.15-15.00.16:465][437]LogModuleManager: Shutting down and abandoning module IOSPlatformEditor (201)
[2017.02.15-15.00.16:465][437]LogModuleManager: Shutting down and abandoning module HTML5PlatformEditor (200)
[2017.02.15-15.00.16:465][437]LogModuleManager: Shutting down and abandoning module AndroidDeviceDetection (199)
[2017.02.15-15.00.17:114][437]LogModuleManager: Shutting down and abandoning module AndroidPlatformEditor (198)
[2017.02.15-15.00.17:114][437]LogModuleManager: Shutting down and abandoning module IOSRuntimeSettings (197)
[2017.02.15-15.00.17:114][437]LogModuleManager: Shutting down and abandoning module AndroidRuntimeSettings (196)
[2017.02.15-15.00.17:114][437]LogModuleManager: Shutting down and abandoning module InputBindingEditor (195)
[2017.02.15-15.00.17:114][437]LogModuleManager: Shutting down and abandoning module NiagaraEditor (194)
[2017.02.15-15.00.17:114][437]LogModuleManager: Shutting down and abandoning module MergeActors (193)
[2017.02.15-15.00.17:114][437]LogModuleManager: Shutting down and abandoning module SizeMap (192)
[2017.02.15-15.00.17:114][437]LogModuleManager: Shutting down and abandoning module TreeMap (191)
[2017.02.15-15.00.17:114][437]LogModuleManager: Shutting down and abandoning module ReferenceViewer (190)
[2017.02.15-15.00.17:114][437]LogModuleManager: Shutting down and abandoning module LocalizationService (189)
[2017.02.15-15.00.17:114][437]LogModuleManager: Shutting down and abandoning module LocalizationDashboard (188)
[2017.02.15-15.00.17:114][437]LogModuleManager: Shutting down and abandoning module HardwareTargeting (187)
[2017.02.15-15.00.17:114][437]LogModuleManager: Shutting down and abandoning module DeviceProfileEditor (186)
[2017.02.15-15.00.17:114][437]LogModuleManager: Shutting down and abandoning module UndoHistory (185)
[2017.02.15-15.00.17:114][437]LogModuleManager: Shutting down and abandoning module UserFeedback (184)
[2017.02.15-15.00.17:114][437]LogModuleManager: Shutting down and abandoning module XmlParser (183)
[2017.02.15-15.00.17:114][437]LogModuleManager: Shutting down and abandoning module Blutility (182)
[2017.02.15-15.00.17:114][437]LogModuleManager: Shutting down and abandoning module ProjectTargetPlatformEditor (181)
[2017.02.15-15.00.17:114][437]LogModuleManager: Shutting down and abandoning module ProjectSettingsViewer (180)
[2017.02.15-15.00.17:114][437]LogModuleManager: Shutting down and abandoning module EditorSettingsViewer (179)
[2017.02.15-15.00.17:114][437]LogModuleManager: Shutting down and abandoning module SettingsEditor (178)
[2017.02.15-15.00.17:114][437]LogModuleManager: Shutting down and abandoning module ProjectLauncher (177)
[2017.02.15-15.00.17:114][437]LogModuleManager: Shutting down and abandoning module SessionFrontend (176)
[2017.02.15-15.00.17:114][437]LogModuleManager: Shutting down and abandoning module ProfilerClient (175)
[2017.02.15-15.00.17:114][437]LogModuleManager: Shutting down and abandoning module TargetDeviceServices (174)
[2017.02.15-15.00.17:114][437]LogModuleManager: Shutting down and abandoning module DeviceManager (173)
[2017.02.15-15.00.17:146][437]LogModuleManager: Shutting down and abandoning module AutomationController (172)
[2017.02.15-15.00.17:146][437]LogModuleManager: Shutting down and abandoning module AutomationWindow (171)
[2017.02.15-15.00.17:146][437]LogModuleManager: Shutting down and abandoning module Layers (170)
[2017.02.15-15.00.17:146][437]LogModuleManager: Shutting down and abandoning module ComponentVisualizers (169)
[2017.02.15-15.00.17:146][437]LogModuleManager: Shutting down and abandoning module DetailCustomizations (168)
[2017.02.15-15.00.17:146][437]LogModuleManager: Shutting down and abandoning module PackagesDialog (167)
[2017.02.15-15.00.17:146][437]LogModuleManager: Shutting down and abandoning module AnimGraph (166)
[2017.02.15-15.00.17:146][437]LogModuleManager: Shutting down and abandoning module Persona (165)
[2017.02.15-15.00.17:146][437]LogModuleManager: Shutting down and abandoning module Kismet (164)
[2017.02.15-15.00.17:151][437]LogModuleManager: Shutting down and abandoning module GraphEditor (163)
[2017.02.15-15.00.17:151][437]LogModuleManager: Shutting down and abandoning module ClassViewer (162)
[2017.02.15-15.00.17:151][437]LogModuleManager: Shutting down and abandoning module Toolbox (161)
[2017.02.15-15.00.17:151][437]LogModuleManager: Shutting down and abandoning module ModuleUI (160)
[2017.02.15-15.00.17:151][437]LogModuleManager: Shutting down and abandoning module MovieSceneTools (159)
[2017.02.15-15.00.17:151][437]LogModuleManager: Shutting down and abandoning module OutputLog (158)
[2017.02.15-15.00.17:151][437]LogModuleManager: Shutting down and abandoning module GammaUI (157)
[2017.02.15-15.00.17:151][437]LogModuleManager: Shutting down and abandoning module Documentation (156)
[2017.02.15-15.00.17:152][437]LogModuleManager: Shutting down and abandoning module Niagara (155)
[2017.02.15-15.00.17:152][437]LogModuleManager: Shutting down and abandoning module StreamingPauseRendering (154)
[2017.02.15-15.00.17:152][437]LogModuleManager: Shutting down and abandoning module AnalyticsET (153)
[2017.02.15-15.00.17:152][437]LogModuleManager: Shutting down and abandoning module PortalServices (152)
[2017.02.15-15.00.17:152][437]LogModuleManager: Shutting down and abandoning module PortalRpc (151)
[2017.02.15-15.00.17:152][437]LogModuleManager: Shutting down and abandoning module MessagingRpc (150)
[2017.02.15-15.00.17:152][437]LogModuleManager: Shutting down and abandoning module GameplayDebugger (149)
[2017.02.15-15.00.17:152][437]LogModuleManager: Shutting down and abandoning module AITestSuite (148)
[2017.02.15-15.00.17:152][437]LogModuleManager: Shutting down and abandoning module AIModule (147)
[2017.02.15-15.00.17:152][437]LogModuleManager: Shutting down and abandoning module ProfilerService (146)
[2017.02.15-15.00.17:203][437]LogModuleManager: Shutting down and abandoning module TaskGraph (145)
[2017.02.15-15.00.17:203][437]LogModuleManager: Shutting down and abandoning module SlateRemote (144)
[2017.02.15-15.00.17:203][437]LogModuleManager: Shutting down and abandoning module SteamVRController (143)
[2017.02.15-15.00.17:203][437]LogModuleManager: Shutting down and abandoning module SteamVR (142)
[2017.02.15-15.00.17:203][437]LogModuleManager: Shutting down and abandoning module ProceduralMeshComponentEditor (141)
[2017.02.15-15.00.17:203][437]LogModuleManager: Shutting down and abandoning module ProceduralMeshComponent (140)
[2017.02.15-15.00.17:203][437]LogModuleManager: Shutting down and abandoning module OculusLibrary (139)
[2017.02.15-15.00.17:203][437]LogModuleManager: Shutting down and abandoning module OculusInput (138)
[2017.02.15-15.00.17:203][437]LogModuleManager: Shutting down and abandoning module MobilePatchingUtils (137)
[2017.02.15-15.00.17:203][437]LogModuleManager: Shutting down and abandoning module CustomMeshComponent (136)
[2017.02.15-15.00.17:203][437]LogModuleManager: Shutting down and abandoning module CableComponent (135)
[2017.02.15-15.00.17:203][437]LogModuleManager: Shutting down and abandoning module ArchVisCharacter (134)
[2017.02.15-15.00.17:203][437]LogModuleManager: Shutting down and abandoning module MediaPlayerEditor (132)
[2017.02.15-15.00.17:203][437]LogModuleManager: Shutting down and abandoning module HTML5Networking (131)
[2017.02.15-15.00.17:203][437]LogModuleManager: Shutting down and abandoning module GeometryCacheEd (130)
[2017.02.15-15.00.17:203][437]LogModuleManager: Shutting down and abandoning module GeometryCache (129)
[2017.02.15-15.00.17:203][437]LogModuleManager: Shutting down and abandoning module AlembicLibrary (128)
[2017.02.15-15.00.17:203][437]LogModuleManager: Shutting down and abandoning module AlembicImporter (127)
[2017.02.15-15.00.17:203][437]LogModuleManager: Shutting down and abandoning module SuperSearch (126)
[2017.02.15-15.00.17:203][437]LogModuleManager: Shutting down and abandoning module SuperSearchEditor (125)
[2017.02.15-15.00.17:203][437]LogModuleManager: Shutting down and abandoning module SpeedTreeImporter (124)
[2017.02.15-15.00.17:203][437]LogModuleManager: Shutting down and abandoning module PluginBrowser (123)
[2017.02.15-15.00.17:203][437]LogModuleManager: Shutting down and abandoning module MobileLauncherProfileWizard (122)
[2017.02.15-15.00.17:203][437]LogModuleManager: Shutting down and abandoning module EpicSurvey (121)
[2017.02.15-15.00.17:203][437]LogModuleManager: Shutting down and abandoning module DesktopPlatform (120)
[2017.02.15-15.00.17:203][437]LogModuleManager: Shutting down and abandoning module VisualStudioSourceCodeAccess (119)
[2017.02.15-15.00.17:203][437]LogModuleManager: Shutting down and abandoning module UObjectPlugin (118)
[2017.02.15-15.00.17:203][437]LogModuleManager: Shutting down and abandoning module SubversionSourceControl (117)
[2017.02.15-15.00.17:203][437]LogModuleManager: Shutting down and abandoning module PerforceSourceControl (116)
[2017.02.15-15.00.17:203][437]LogModuleManager: Shutting down and abandoning module SourceControl (115)
[2017.02.15-15.00.17:203][437]LogModuleManager: Shutting down and abandoning module GitSourceControl (114)
[2017.02.15-15.00.17:203][437]LogModuleManager: Shutting down and abandoning module LightPropagationVolumeEditor (113)
[2017.02.15-15.00.17:203][437]LogModuleManager: Shutting down and abandoning module PaperTiledImporter (112)
[2017.02.15-15.00.17:203][437]LogModuleManager: Shutting down and abandoning module PaperSpriteSheetImporter (111)
[2017.02.15-15.00.17:203][437]LogModuleManager: Shutting down and abandoning module MeshPaint (110)
[2017.02.15-15.00.17:203][437]LogModuleManager: Shutting down and abandoning module PixelInspectorModule (109)
[2017.02.15-15.00.17:203][437]LogModuleManager: Shutting down and abandoning module HotReload (108)
[2017.02.15-15.00.17:204][437]LogModuleManager: Shutting down and abandoning module MainFrame (107)
[2017.02.15-15.00.17:204][437]LogModuleManager: Shutting down and abandoning module LevelEditor (106)
[2017.02.15-15.00.17:204][437]LogModuleManager: Shutting down and abandoning module ContentBrowser (105)
[2017.02.15-15.00.17:205][437]LogModuleManager: Shutting down and abandoning module Paper2DEditor (104)
[2017.02.15-15.00.17:205][437]LogModuleManager: Shutting down and abandoning module UdpMessaging (103)
[2017.02.15-15.00.17:306][437]LogModuleManager: Shutting down and abandoning module TcpMessaging (102)
[2017.02.15-15.00.17:406][437]LogModuleManager: Shutting down and abandoning module LightPropagationVolumeRuntime (101)
[2017.02.15-15.00.17:406][437]LogModuleManager: Shutting down and abandoning module Paper2D (100)
[2017.02.15-15.00.17:406][437]LogModuleManager: Shutting down and abandoning module WindowsMoviePlayer (99)
[2017.02.15-15.00.17:406][437]LogModuleManager: Shutting down and abandoning module WmfMedia (98)
[2017.02.15-15.00.17:406][437]LogModuleManager: Shutting down and abandoning module MediaAssets (97)
[2017.02.15-15.00.17:406][437]LogModuleManager: Shutting down and abandoning module GameLiveStreaming (96)
[2017.02.15-15.00.17:406][437]LogModuleManager: Shutting down and abandoning module GameplayTagsEditor (95)
[2017.02.15-15.00.17:406][437]LogModuleManager: Shutting down and abandoning module VREditor (94)
[2017.02.15-15.00.17:406][437]LogModuleManager: Shutting down and abandoning module GameplayTasksEditor (93)
[2017.02.15-15.00.17:406][437]LogModuleManager: Shutting down and abandoning module BehaviorTreeEditor (92)
[2017.02.15-15.00.17:406][437]LogModuleManager: Shutting down and abandoning module FunctionalTesting (91)
[2017.02.15-15.00.17:406][437]LogModuleManager: Shutting down and abandoning module CollisionAnalyzer (90)
[2017.02.15-15.00.17:406][437]LogModuleManager: Shutting down and abandoning module Sequencer (89)
[2017.02.15-15.00.17:407][437]LogModuleManager: Shutting down and abandoning module WorkspaceMenuStructure (88)
[2017.02.15-15.00.17:407][437]LogModuleManager: Shutting down and abandoning module MessageLog (87)
[2017.02.15-15.00.17:407][437]LogModuleManager: Shutting down and abandoning module AssetTools (86)
[2017.02.15-15.00.17:407][437]LogModuleManager: Shutting down and abandoning module UMGEditor (85)
[2017.02.15-15.00.17:407][437]LogModuleManager: Shutting down and abandoning module UMG (84)
[2017.02.15-15.00.17:407][437]LogModuleManager: Shutting down and abandoning module SlateReflector (83)
[2017.02.15-15.00.17:407][437]LogModuleManager: Shutting down and abandoning module Slate (82)
[2017.02.15-15.00.17:407][437]LogModuleManager: Shutting down and abandoning module EditorStyle (81)
[2017.02.15-15.00.17:409][437]LogModuleManager: Shutting down and abandoning module SourceCodeAccess (80)
[2017.02.15-15.00.17:409][437]LogModuleManager: Shutting down and abandoning module HeadMountedDisplay (79)
[2017.02.15-15.00.17:409][437]LogModuleManager: Shutting down and abandoning module XAudio2 (78)
[2017.02.15-15.00.17:409][437]LogModuleManager: Shutting down and abandoning module Networking (76)
[2017.02.15-15.00.17:409][437]LogModuleManager: Shutting down and abandoning module Core (75)
[2017.02.15-15.00.17:409][437]LogModuleManager: Shutting down and abandoning module DirectoryWatcher (74)
[2017.02.15-15.00.17:409][437]LogDirectoryWatcher: A directory notification for '../../../Engine/Content/' was aborted.
[2017.02.15-15.00.17:410][437]LogDirectoryWatcher: A directory notification for '../../../../../../Users/Nirvik Baruah/FOBISEA/Content/' was aborted.
[2017.02.15-15.00.17:410][437]LogDirectoryWatcher: A directory notification for '../../../Engine/Plugins/2D/Paper2D/Content/' was aborted.
[2017.02.15-15.00.17:410][437]LogModuleManager: Shutting down and abandoning module AssetRegistry (73)
[2017.02.15-15.00.17:527][437]LogModuleManager: Shutting down and abandoning module KismetCompiler (72)
[2017.02.15-15.00.17:527][437]LogModuleManager: Shutting down and abandoning module PhysXFormats (71)
[2017.02.15-15.00.17:527][437]LogModuleManager: Shutting down and abandoning module SimplygonSwarm (70)
[2017.02.15-15.00.17:527][437]LogModuleManager: Shutting down and abandoning module SimplygonMeshReduction (69)
[2017.02.15-15.00.17:527][437]LogModuleManager: Shutting down and abandoning module QuadricMeshReduction (68)
[2017.02.15-15.00.17:527][437]LogModuleManager: Shutting down and abandoning module PropertyEditor (67)
[2017.02.15-15.00.17:527][437]LogModuleManager: Shutting down and abandoning module MeshUtilities (66)
[2017.02.15-15.00.17:527][437]LogModuleManager: Shutting down and abandoning module DerivedDataCache (65)
[2017.02.15-15.00.17:529][437]LogDerivedDataCache: Shutdown
[2017.02.15-15.00.17:529][437]LogModuleManager: Shutting down and abandoning module VulkanShaderFormat (64)
[2017.02.15-15.00.17:529][437]LogModuleManager: Shutting down and abandoning module ShaderFormatOpenGL (63)
[2017.02.15-15.00.17:529][437]LogModuleManager: Shutting down and abandoning module ShaderFormatD3D (62)
[2017.02.15-15.00.17:529][437]LogModuleManager: Shutting down and abandoning module MetalShaderFormat (61)
[2017.02.15-15.00.17:529][437]LogModuleManager: Shutting down and abandoning module TextureFormatUncompressed (60)
[2017.02.15-15.00.17:529][437]LogModuleManager: Shutting down and abandoning module TextureFormatPVR (59)
[2017.02.15-15.00.17:529][437]LogModuleManager: Shutting down and abandoning module TextureFormatDXT (58)
[2017.02.15-15.00.17:529][437]LogModuleManager: Shutting down and abandoning module TextureFormatIntelISPCTexComp (57)
[2017.02.15-15.00.17:529][437]LogModuleManager: Shutting down and abandoning module ImageWrapper (56)
[2017.02.15-15.00.17:529][437]LogModuleManager: Shutting down and abandoning module TextureFormatASTC (55)
[2017.02.15-15.00.17:529][437]LogModuleManager: Shutting down and abandoning module TextureFormatAndroid (54)
[2017.02.15-15.00.17:529][437]LogModuleManager: Shutting down and abandoning module AudioFormatOpus (53)
[2017.02.15-15.00.17:529][437]LogModuleManager: Shutting down and abandoning module AudioFormatOgg (52)
[2017.02.15-15.00.17:529][437]LogModuleManager: Shutting down and abandoning module AudioFormatADPCM (51)
[2017.02.15-15.00.17:529][437]LogModuleManager: Shutting down and abandoning module LinuxTargetPlatform (50)
[2017.02.15-15.00.17:529][437]LogModuleManager: Shutting down and abandoning module LinuxServerTargetPlatform (49)
[2017.02.15-15.00.17:529][437]LogModuleManager: Shutting down and abandoning module LinuxNoEditorTargetPlatform (48)
[2017.02.15-15.00.17:529][437]LogModuleManager: Shutting down and abandoning module LinuxClientTargetPlatform (47)
[2017.02.15-15.00.17:529][437]LogModuleManager: Shutting down and abandoning module TVOSTargetPlatform (46)
[2017.02.15-15.00.17:529][437]LogModuleManager: Shutting down and abandoning module Messaging (45)
[2017.02.15-15.00.17:529][437]LogModuleManager: Shutting down and abandoning module IOSTargetPlatform (44)
[2017.02.15-15.00.17:529][437]LogModuleManager: Shutting down and abandoning module HTML5TargetPlatform (43)
[2017.02.15-15.00.17:529][437]LogModuleManager: Shutting down and abandoning module Android_PVRTCTargetPlatform (42)
[2017.02.15-15.00.17:529][437]LogModuleManager: Shutting down and abandoning module Android_MultiTargetPlatform (41)
[2017.02.15-15.00.17:529][437]LogModuleManager: Shutting down and abandoning module Android_ETC2TargetPlatform (40)
[2017.02.15-15.00.17:530][437]LogModuleManager: Shutting down and abandoning module Android_ETC1TargetPlatform (39)
[2017.02.15-15.00.17:530][437]LogModuleManager: Shutting down and abandoning module Android_DXTTargetPlatform (38)
[2017.02.15-15.00.17:530][437]LogModuleManager: Shutting down and abandoning module Android_ATCTargetPlatform (37)
[2017.02.15-15.00.17:530][437]LogModuleManager: Shutting down and abandoning module Android_ASTCTargetPlatform (36)
[2017.02.15-15.00.17:530][437]LogModuleManager: Shutting down and abandoning module AndroidTargetPlatform (35)
[2017.02.15-15.00.17:530][437]LogModuleManager: Shutting down and abandoning module WindowsTargetPlatform (34)
[2017.02.15-15.00.17:530][437]LogModuleManager: Shutting down and abandoning module WindowsServerTargetPlatform (33)
[2017.02.15-15.00.17:530][437]LogModuleManager: Shutting down and abandoning module WindowsNoEditorTargetPlatform (32)
[2017.02.15-15.00.17:530][437]LogModuleManager: Shutting down and abandoning module WindowsClientTargetPlatform (31)
[2017.02.15-15.00.17:530][437]LogModuleManager: Shutting down and abandoning module MacTargetPlatform (30)
[2017.02.15-15.00.17:530][437]LogModuleManager: Shutting down and abandoning module MacServerTargetPlatform (29)
[2017.02.15-15.00.17:530][437]LogModuleManager: Shutting down and abandoning module MacNoEditorTargetPlatform (28)
[2017.02.15-15.00.17:530][437]LogModuleManager: Shutting down and abandoning module MacClientTargetPlatform (27)
[2017.02.15-15.00.17:530][437]LogModuleManager: Shutting down and abandoning module AllDesktopTargetPlatform (26)
[2017.02.15-15.00.17:530][437]LogModuleManager: Shutting down and abandoning module TargetPlatform (25)
[2017.02.15-15.00.17:530][437]LogModuleManager: Shutting down and abandoning module InputCore (24)
[2017.02.15-15.00.17:530][437]LogModuleManager: Shutting down and abandoning module Settings (23)
[2017.02.15-15.00.17:530][437]LogModuleManager: Shutting down and abandoning module OculusRift (22)
[2017.02.15-15.00.17:530][437]LogModuleManager: Shutting down and abandoning module ExampleDeviceProfileSelector (21)
[2017.02.15-15.00.17:530][437]LogModuleManager: Shutting down and abandoning module OnlineBlueprintSupport (20)
[2017.02.15-15.00.17:530][437]LogModuleManager: Shutting down and abandoning module OnlineSubsystem (18)
[2017.02.15-15.00.17:530][437]LogOnline:Display: Unloading online subsystem: NULL
[2017.02.15-15.00.17:530][437]LogModuleManager: Shutting down and abandoning module SSL (17)
[2017.02.15-15.00.17:531][437]LogModuleManager: Shutting down and abandoning module HTTP (16)
[2017.02.15-15.00.17:531][437]LogModuleManager: Shutting down and abandoning module XMPP (15)
[2017.02.15-15.00.17:531][437]LogModuleManager: Shutting down and abandoning module TextureCompressor (14)
[2017.02.15-15.00.17:531][437]LogModuleManager: Shutting down and abandoning module ShaderCore (13)
[2017.02.15-15.00.17:531][437]LogModuleManager: Shutting down and abandoning module Landscape (12)
[2017.02.15-15.00.17:531][437]LogModuleManager: Shutting down and abandoning module SlateRHIRenderer (11)
[2017.02.15-15.00.17:533][437]LogModuleManager: Shutting down and abandoning module OpenGLDrv (10)
[2017.02.15-15.00.17:533][437]LogModuleManager: Shutting down and abandoning module D3D11RHI (9)
[2017.02.15-15.00.17:533][437]LogModuleManager: Shutting down and abandoning module AnimGraphRuntime (8)
[2017.02.15-15.00.17:534][437]LogModuleManager: Shutting down and abandoning module Renderer (7)
[2017.02.15-15.00.17:534][437]LogModuleManager: Shutting down and abandoning module Engine (6)
[2017.02.15-15.00.17:534][437]LogModuleManager: Shutting down and abandoning module CoreUObject (5)
[2017.02.15-15.00.17:534][437]LogModuleManager: Shutting down and abandoning module NetworkFile (4)
[2017.02.15-15.00.17:534][437]LogModuleManager: Shutting down and abandoning module StreamingFile (3)
[2017.02.15-15.00.17:534][437]LogModuleManager: Shutting down and abandoning module SandboxFile (2)
[2017.02.15-15.00.17:534][437]LogModuleManager: Shutting down and abandoning module PakFile (1)
[2017.02.15-15.00.17:535][437]LogExit: Exiting.
[2017.02.15-15.00.17:536][437]Log file closed, 02/15/17 07:00:17
